<?xml version="1.0" encoding="UTF-8"?>
<testsuite name="JUnit Jupiter" tests="2" skipped="0" failures="0" errors="0" time="0.041" hostname="spark" timestamp="2018-01-28T16:18:16">
<properties>
[...]
</properties>
<testcase name="testAppHasAGreeting()" classname="AppTest" time="0.014">
<system-out><![CDATA[
unique-id: [engine:junit-jupiter]/[class:AppTest]/[method:testAppHasAGreeting()]
display-name: testAppHasAGreeting()
]]></system-out>
</testcase>
<testcase name="testCase001()" classname="org.sharpsw.repository.MovieRepositoryTest" time="0.002">
<system-out><![CDATA[
unique-id: [engine:junit-jupiter]/[class:org.sharpsw.repository.MovieRepositoryTest]/[method:testCase001()]
display-name: testCase001()
]]></system-out>
</testcase>
<system-out><![CDATA[
unique-id: [engine:junit-jupiter]
display-name: JUnit Jupiter
]]></system-out>
</testsuite>
